<?xml version="1.0" encoding="UTF-8"?>
<testsuite name="JUnit Jupiter" tests="0" skipped="0" failures="0" errors="0" time="0.01" hostname="DESKTOP-GMJ2ORL" timestamp="2019-07-15T17:47:31">
<properties>
<property name="awt.toolkit" value="sun.awt.windows.WToolkit"/>
<property name="file.encoding" value="windows-31j"/>
<property name="file.separator" value="\"/>
<property name="java.awt.graphicsenv" value="sun.awt.Win32GraphicsEnvironment"/>
<property name="java.class.path" value="C:\Users\USER\IdeaProjects\clustering-sample\build\classes\java\test;C:\Users\USER\IdeaProjects\clustering-sample\build\resources\test;C:\Users\USER\IdeaProjects\clustering-sample\build\classes\java\main;C:\Users\USER\IdeaProjects\clustering-sample\build\resources\main;C:\Users\USER\.gradle\caches\modules-2\files-2.1\org.springframework.boot\spring-boot-starter-web\2.1.6.RELEASE\8d232c9366b4ef3f5a919e48efb2228528391914\spring-boot-starter-web-2.1.6.RELEASE.jar;C:\Users\USER\.gradle\caches\modules-2\files-2.1\org.springframework.boot\spring-boot-starter-test\2.1.6.RELEASE\84ca9723624ade81ca04be40b96222e786790a89\spring-boot-starter-test-2.1.6.RELEASE.jar;C:\Users\USER\.gradle\caches\modules-2\files-2.1\junit\junit\4.12\2973d150c0dc1fefe998f834810d68f278ea58ec\junit-4.12.jar;C:\Users\USER\.gradle\caches\modules-2\files-2.1\org.junit.jupiter\junit-jupiter-params\5.3.1\9dfac3fbd6768974fc0c142304a3e90ba713b2a8\junit-jupiter-params-5.3.1.jar;C:\Users\USER\.gradle\caches\modules-2\files-2.1\org.junit.jupiter\junit-jupiter-engine\5.3.1\e2676b1786c57a80eb98f5bebd51a3d05e228c40\junit-jupiter-engine-5.3.1.jar;C:\Users\USER\.gradle\caches\modules-2\files-2.1\org.junit.jupiter\junit-jupiter-api\5.3.1\a7e97eac2784395cb991403f9641b042ad972941\junit-jupiter-api-5.3.1.jar;C:\Users\USER\.gradle\caches\modules-2\files-2.1\org.springframework.boot\spring-boot-starter-json\2.1.6.RELEASE\ed82ba4ed8a45855f5571c0fbc15537aa942763\spring-boot-starter-json-2.1.6.RELEASE.jar;C:\Users\USER\.gradle\caches\modules-2\files-2.1\org.springframework.boot\spring-boot-starter\2.1.6.RELEASE\22f085f39ded75b0b454ee7731eccae68b20f17e\spring-boot-starter-2.1.6.RELEASE.jar;C:\Users\USER\.gradle\caches\modules-2\files-2.1\org.springframework.boot\spring-boot-starter-tomcat\2.1.6.RELEASE\204079b2a82b794246fe911d29f1d9682efbd951\spring-boot-starter-tomcat-2.1.6.RELEASE.jar;C:\Users\USER\.gradle\caches\modules-2\files-2.1\org.hibernate.validator\hibernate-validator\6.0.17.Final\af73055fc4a103ab347c56e7da5a143d68a0170\hibernate-validator-6.0.17.Final.jar;C:\Users\USER\.gradle\caches\modules-2\files-2.1\org.springframework\spring-webmvc\5.1.8.RELEASE\d2b6359b3b502ce917879990fbee99723bfa78c5\spring-webmvc-5.1.8.RELEASE.jar;C:\Users\USER\.gradle\caches\modules-2\files-2.1\org.springframework\spring-web\5.1.8.RELEASE\6d7134733f05133d82440172c5f6f9fe001db7ed\spring-web-5.1.8.RELEASE.jar;C:\Users\USER\.gradle\caches\modules-2\files-2.1\org.hamcrest\hamcrest-library\1.3\4785a3c21320980282f9f33d0d1264a69040538f\hamcrest-library-1.3.jar;C:\Users\USER\.gradle\caches\modules-2\files-2.1\org.hamcrest\hamcrest-core\1.3\42a25dc3219429f0e5d060061f71acb49bf010a0\hamcrest-core-1.3.jar;C:\Users\USER\.gradle\caches\modules-2\files-2.1\org.springframework.boot\spring-boot-test-autoconfigure\2.1.6.RELEASE\6d3ed4a0b08a139892c2308d77e33ef3bb7f7be4\spring-boot-test-autoconfigure-2.1.6.RELEASE.jar;C:\Users\USER\.gradle\caches\modules-2\files-2.1\org.springframework.boot\spring-boot-test\2.1.6.RELEASE\6a3f167e76e4dee556c9892058e60b1445c9576b\spring-boot-test-2.1.6.RELEASE.jar;C:\Users\USER\.gradle\caches\modules-2\files-2.1\com.jayway.jsonpath\json-path\2.4.0\765a4401ceb2dc8d40553c2075eb80a8fa35c2ae\json-path-2.4.0.jar;C:\Users\USER\.gradle\caches\modules-2\files-2.1\org.assertj\assertj-core\3.11.1\fdac3217b804d6900fa3650f17b5cb48e620b140\assertj-core-3.11.1.jar;C:\Users\USER\.gradle\caches\modules-2\files-2.1\org.mockito\mockito-core\2.23.4\a35b6f8ffcfa786771eac7d7d903429e790fdf3f\mockito-core-2.23.4.jar;C:\Users\USER\.gradle\caches\modules-2\files-2.1\org.skyscreamer\jsonassert\1.5.0\6c9d5fe2f59da598d9aefc1cfc6528ff3cf32df3\jsonassert-1.5.0.jar;C:\Users\USER\.gradle\caches\modules-2\files-2.1\org.springframework\spring-test\5.1.8.RELEASE\2a629b975a2815772b947686d4936a5c764fe4f6\spring-test-5.1.8.RELEASE.jar;C:\Users\USER\.gradle\caches\modules-2\files-2.1\org.springframework.boot\spring-boot-autoconfigure\2.1.6.RELEASE\875d84cfa6d5655bd11238c229e7acedf344024b\spring-boot-autoconfigure-2.1.6.RELEASE.jar;C:\Users\USER\.gradle\caches\modules-2\files-2.1\org.springframework.boot\spring-boot\2.1.6.RELEASE\b8a75ec9a9c570290523c4308c2255fbea6746c0\spring-boot-2.1.6.RELEASE.jar;C:\Users\USER\.gradle\caches\modules-2\files-2.1\org.springframework\spring-context\5.1.8.RELEASE\83ab599b042a4805bbee71b6241e9d073022d704\spring-context-5.1.8.RELEASE.jar;C:\Users\USER\.gradle\caches\modules-2\files-2.1\org.springframework\spring-expression\5.1.8.RELEASE\4f8340d8d4f52dbd527bd696358923ff4df5be1a\spring-expression-5.1.8.RELEASE.jar;C:\Users\USER\.gradle\caches\modules-2\files-2.1\org.springframework\spring-aop\5.1.8.RELEASE\c013c5603a05bee2a80cc2ec8f3fc11b15d4de3a\spring-aop-5.1.8.RELEASE.jar;C:\Users\USER\.gradle\caches\modules-2\files-2.1\org.springframework\spring-beans\5.1.8.RELEASE\e35fa81d0142ef7c1247a7dee8b1ef2dd78c6322\spring-beans-5.1.8.RELEASE.jar;C:\Users\USER\.gradle\caches\modules-2\files-2.1\org.springframework\spring-core\5.1.8.RELEASE\37fd45c92cfd05b9ad173ee1184ec4221e0f931f\spring-core-5.1.8.RELEASE.jar;C:\Users\USER\.gradle\caches\modules-2\files-2.1\org.xmlunit\xmlunit-core\2.6.2\b0461888cdd8d3975ea8a57df96520409cadcb6c\xmlunit-core-2.6.2.jar;C:\Users\USER\.gradle\caches\modules-2\files-2.1\org.junit.platform\junit-platform-engine\1.3.2\c54bc1d4654bd1ef15fccf512ce664184085969\junit-platform-engine-1.3.2.jar;C:\Users\USER\.gradle\caches\modules-2\files-2.1\org.junit.platform\junit-platform-commons\1.3.2\378d1d1b162426ad031522f6d51e3bf28d1631a4\junit-platform-commons-1.3.2.jar;C:\Users\USER\.gradle\caches\modules-2\files-2.1\org.apiguardian\apiguardian-api\1.0.0\3ef5276905e36f4d8055fe3cb0bdcc7503ffc85d\apiguardian-api-1.0.0.jar;C:\Users\USER\.gradle\caches\modules-2\files-2.1\org.opentest4j\opentest4j\1.1.1\efd9f971e91074491ea55b19f67b13470cf4fcdd\opentest4j-1.1.1.jar;C:\Users\USER\.gradle\caches\modules-2\files-2.1\org.springframework.boot\spring-boot-starter-logging\2.1.6.RELEASE\9cb7228f463fce085317e2da8fb824568e697b7c\spring-boot-starter-logging-2.1.6.RELEASE.jar;C:\Users\USER\.gradle\caches\modules-2\files-2.1\javax.annotation\javax.annotation-api\1.3.2\934c04d3cfef185a8008e7bf34331b79730a9d43\javax.annotation-api-1.3.2.jar;C:\Users\USER\.gradle\caches\modules-2\files-2.1\org.yaml\snakeyaml\1.23\ec62d74fe50689c28c0ff5b35d3aebcaa8b5be68\snakeyaml-1.23.jar;C:\Users\USER\.gradle\caches\modules-2\files-2.1\com.fasterxml.jackson.datatype\jackson-datatype-jdk8\2.9.9\4b04126963103216c9c43b0f34bbc36315654204\jackson-datatype-jdk8-2.9.9.jar;C:\Users\USER\.gradle\caches\modules-2\files-2.1\com.fasterxml.jackson.datatype\jackson-datatype-jsr310\2.9.9\a33df137557793b0404a486888dbe049f7abeeeb\jackson-datatype-jsr310-2.9.9.jar;C:\Users\USER\.gradle\caches\modules-2\files-2.1\com.fasterxml.jackson.module\jackson-module-parameter-names\2.9.9\a92facb55a2538e7b2fe14294570a18b823ad431\jackson-module-parameter-names-2.9.9.jar;C:\Users\USER\.gradle\caches\modules-2\files-2.1\com.fasterxml.jackson.core\jackson-databind\2.9.9\d6eb9817d9c7289a91f043ac5ee02a6b3cc86238\jackson-databind-2.9.9.jar;C:\Users\USER\.gradle\caches\modules-2\files-2.1\org.apache.tomcat.embed\tomcat-embed-websocket\9.0.21\218f438e4812f268a1692511f897b401fc28cfa8\tomcat-embed-websocket-9.0.21.jar;C:\Users\USER\.gradle\caches\modules-2\files-2.1\org.apache.tomcat.embed\tomcat-embed-core\9.0.21\225a44fe65e9832f896e09f343ce107d38f3ee1b\tomcat-embed-core-9.0.21.jar;C:\Users\USER\.gradle\caches\modules-2\files-2.1\org.apache.tomcat.embed\tomcat-embed-el\9.0.21\6a7ed3ad394b36d3f0f77745f424e19e976d2d61\tomcat-embed-el-9.0.21.jar;C:\Users\USER\.gradle\caches\modules-2\files-2.1\javax.validation\validation-api\2.0.1.Final\cb855558e6271b1b32e716d24cb85c7f583ce09e\validation-api-2.0.1.Final.jar;C:\Users\USER\.gradle\caches\modules-2\files-2.1\org.jboss.logging\jboss-logging\3.3.2.Final\3789d00e859632e6c6206adc0c71625559e6e3b0\jboss-logging-3.3.2.Final.jar;C:\Users\USER\.gradle\caches\modules-2\files-2.1\com.fasterxml\classmate\1.4.0\291658ac2ce2476256c7115943652c0accb5c857\classmate-1.4.0.jar;C:\Users\USER\.gradle\caches\modules-2\files-2.1\net.minidev\json-smart\2.3\7396407491352ce4fa30de92efb158adb76b5b\json-smart-2.3.jar;C:\Users\USER\.gradle\caches\modules-2\files-2.1\ch.qos.logback\logback-classic\1.2.3\7c4f3c474fb2c041d8028740440937705ebb473a\logback-classic-1.2.3.jar;C:\Users\USER\.gradle\caches\modules-2\files-2.1\org.apache.logging.log4j\log4j-to-slf4j\2.11.2\6d37bf7b046c0ce2669f26b99365a2cfa45c4c18\log4j-to-slf4j-2.11.2.jar;C:\Users\USER\.gradle\caches\modules-2\files-2.1\org.slf4j\jul-to-slf4j\1.7.26\8031352b2bb0a49e67818bf04c027aa92e645d5c\jul-to-slf4j-1.7.26.jar;C:\Users\USER\.gradle\caches\modules-2\files-2.1\org.slf4j\slf4j-api\1.7.26\77100a62c2e6f04b53977b9f541044d7d722693d\slf4j-api-1.7.26.jar;C:\Users\USER\.gradle\caches\modules-2\files-2.1\net.bytebuddy\byte-buddy\1.9.13\cdaa4d47073aa70819649bf037cfefe75c39a4b6\byte-buddy-1.9.13.jar;C:\Users\USER\.gradle\caches\modules-2\files-2.1\net.bytebuddy\byte-buddy-agent\1.9.13\df0eecb1c8f146f6331ec2d45259d66de3795d84\byte-buddy-agent-1.9.13.jar;C:\Users\USER\.gradle\caches\modules-2\files-2.1\org.objenesis\objenesis\2.6\639033469776fd37c08358c6b92a4761feb2af4b\objenesis-2.6.jar;C:\Users\USER\.gradle\caches\modules-2\files-2.1\com.vaadin.external.google\android-json\0.0.20131108.vaadin1\fa26d351fe62a6a17f5cda1287c1c6110dec413f\android-json-0.0.20131108.vaadin1.jar;C:\Users\USER\.gradle\caches\modules-2\files-2.1\org.springframework\spring-jcl\5.1.8.RELEASE\60a3bb9c802ea03c955ee26526f8aebc9dd712b6\spring-jcl-5.1.8.RELEASE.jar;C:\Users\USER\.gradle\caches\modules-2\files-2.1\com.fasterxml.jackson.core\jackson-annotations\2.9.0\7c10d545325e3a6e72e06381afe469fd40eb701\jackson-annotations-2.9.0.jar;C:\Users\USER\.gradle\caches\modules-2\files-2.1\com.fasterxml.jackson.core\jackson-core\2.9.9\bfff5af9fb8347d26bbb7959cb9b4fe9a2b0ca5e\jackson-core-2.9.9.jar;C:\Users\USER\.gradle\caches\modules-2\files-2.1\net.minidev\accessors-smart\1.2\c592b500269bfde36096641b01238a8350f8aa31\accessors-smart-1.2.jar;C:\Users\USER\.gradle\caches\modules-2\files-2.1\ch.qos.logback\logback-core\1.2.3\864344400c3d4d92dfeb0a305dc87d953677c03c\logback-core-1.2.3.jar;C:\Users\USER\.gradle\caches\modules-2\files-2.1\org.apache.logging.log4j\log4j-api\2.11.2\f5e9a2ffca496057d6891a3de65128efc636e26e\log4j-api-2.11.2.jar;C:\Users\USER\.gradle\caches\modules-2\files-2.1\org.ow2.asm\asm\5.0.4\da08b8cce7bbf903602a25a3a163ae252435795\asm-5.0.4.jar;C:\Users\USER\.gradle\caches\modules-2\files-2.1\org.junit.platform\junit-platform-console\1.2.0\945a6e1dc84fb16450bbdc0fa5043ab8572491f\junit-platform-console-1.2.0.jar;C:\Users\USER\.gradle\caches\modules-2\files-2.1\org.junit.platform\junit-platform-launcher\1.2.0\ea230ba8c0b71943d4dd2bb215ca29041c89966e\junit-platform-launcher-1.2.0.jar"/>
<property name="java.class.version" value="56.0"/>
<property name="java.home" value="C:\java\jdk-12.0.1"/>
<property name="java.io.tmpdir" value="C:\Users\USER\AppData\Local\Temp\"/>
<property name="java.library.path" value="C:\java\jdk-12.0.1\bin;C:\WINDOWS\Sun\Java\bin;C:\WINDOWS\system32;C:\WINDOWS;C:\WINDOWS\system32;C:\WINDOWS;C:\WINDOWS\System32\Wbem;C:\WINDOWS\System32\WindowsPowerShell\v1.0\;C:\WINDOWS\System32\OpenSSH\;C:\Users\USER\AppData\Local\Microsoft\WindowsApps;C:\Users\USER\AppData\Local\Programs\Microsoft VS Code\bin;C:\java\jdk-12.0.1\bin;;C:\Program Files\JetBrains\IntelliJ IDEA Community Edition 2019.1.3\bin;;."/>
<property name="java.runtime.name" value="OpenJDK Runtime Environment"/>
<property name="java.runtime.version" value="12.0.1+12"/>
<property name="java.specification.name" value="Java Platform API Specification"/>
<property name="java.specification.vendor" value="Oracle Corporation"/>
<property name="java.specification.version" value="12"/>
<property name="java.vendor" value="Oracle Corporation"/>
<property name="java.vendor.url" value="https://java.oracle.com/"/>
<property name="java.vendor.url.bug" value="https://bugreport.java.com/bugreport/"/>
<property name="java.version" value="12.0.1"/>
<property name="java.version.date" value="2019-04-16"/>
<property name="java.vm.compressedOopsMode" value="32-bit"/>
<property name="java.vm.info" value="mixed mode, sharing"/>
<property name="java.vm.name" value="OpenJDK 64-Bit Server VM"/>
<property name="java.vm.specification.name" value="Java Virtual Machine Specification"/>
<property name="java.vm.specification.vendor" value="Oracle Corporation"/>
<property name="java.vm.specification.version" value="12"/>
<property name="java.vm.vendor" value="Oracle Corporation"/>
<property name="java.vm.version" value="12.0.1+12"/>
<property name="jdk.debug" value="release"/>
<property name="line.separator" value="
"/>
<property name="os.arch" value="amd64"/>
<property name="os.name" value="Windows 10"/>
<property name="os.version" value="10.0"/>
<property name="path.separator" value=";"/>
<property name="sun.arch.data.model" value="64"/>
<property name="sun.boot.library.path" value="C:\java\jdk-12.0.1\bin"/>
<property name="sun.cpu.endian" value="little"/>
<property name="sun.cpu.isalist" value="amd64"/>
<property name="sun.desktop" value="windows"/>
<property name="sun.io.unicode.encoding" value="UnicodeLittle"/>
<property name="sun.java.command" value="org.junit.platform.console.ConsoleLauncher --details NONE --scan-class-path C:\Users\USER\IdeaProjects\clustering-sample\build\classes\java\main;C:\Users\USER\IdeaProjects\clustering-sample\build\resources\main;C:\Users\USER\IdeaProjects\clustering-sample\build\classes\java\test;C:\Users\USER\IdeaProjects\clustering-sample\build\resources\test -n .*Test -n .*Tests --reports-dir C:\Users\USER\IdeaProjects\clustering-sample\build\test-results\junit-platform"/>
<property name="sun.java.launcher" value="SUN_STANDARD"/>
<property name="sun.jnu.encoding" value="MS932"/>
<property name="sun.management.compiler" value="HotSpot 64-Bit Tiered Compilers"/>
<property name="sun.os.patch.level" value=""/>
<property name="user.country" value="JP"/>
<property name="user.dir" value="C:\Users\USER\IdeaProjects\clustering-sample"/>
<property name="user.home" value="C:\Users\USER"/>
<property name="user.language" value="ja"/>
<property name="user.name" value="USER"/>
<property name="user.script" value=""/>
<property name="user.timezone" value="Asia/Tokyo"/>
<property name="user.variant" value=""/>
</properties>
<system-out><![CDATA[
unique-id: [engine:junit-jupiter]
display-name: JUnit Jupiter
]]></system-out>
</testsuite>
